000 (4153674.000.000) 03/10 14:11:27 Job submitted from host: <137.138.120.116:9618?addrs=137.138.120.116-9618+[2001-1458-d00-16--17b]-9618&alias=bigbird12.cern.ch&noUDP&sock=schedd_2288_f4c7_32>
...
000 (4153674.001.000) 03/10 14:11:27 Job submitted from host: <137.138.120.116:9618?addrs=137.138.120.116-9618+[2001-1458-d00-16--17b]-9618&alias=bigbird12.cern.ch&noUDP&sock=schedd_2288_f4c7_32>
...
000 (4153674.002.000) 03/10 14:11:27 Job submitted from host: <137.138.120.116:9618?addrs=137.138.120.116-9618+[2001-1458-d00-16--17b]-9618&alias=bigbird12.cern.ch&noUDP&sock=schedd_2288_f4c7_32>
...
000 (4153674.003.000) 03/10 14:11:27 Job submitted from host: <137.138.120.116:9618?addrs=137.138.120.116-9618+[2001-1458-d00-16--17b]-9618&alias=bigbird12.cern.ch&noUDP&sock=schedd_2288_f4c7_32>
...
000 (4153674.004.000) 03/10 14:11:27 Job submitted from host: <137.138.120.116:9618?addrs=137.138.120.116-9618+[2001-1458-d00-16--17b]-9618&alias=bigbird12.cern.ch&noUDP&sock=schedd_2288_f4c7_32>
...
000 (4153674.005.000) 03/10 14:11:27 Job submitted from host: <137.138.120.116:9618?addrs=137.138.120.116-9618+[2001-1458-d00-16--17b]-9618&alias=bigbird12.cern.ch&noUDP&sock=schedd_2288_f4c7_32>
...
000 (4153674.006.000) 03/10 14:11:27 Job submitted from host: <137.138.120.116:9618?addrs=137.138.120.116-9618+[2001-1458-d00-16--17b]-9618&alias=bigbird12.cern.ch&noUDP&sock=schedd_2288_f4c7_32>
...
000 (4153674.007.000) 03/10 14:11:27 Job submitted from host: <137.138.120.116:9618?addrs=137.138.120.116-9618+[2001-1458-d00-16--17b]-9618&alias=bigbird12.cern.ch&noUDP&sock=schedd_2288_f4c7_32>
...
040 (4153674.001.000) 03/10 14:20:40 Started transferring input files
	Transferring to host: <188.184.182.204:9618?addrs=188.184.182.204-9618+[2001-1458-301-2b--100-3c6]-9618&noUDP&sock=14265_bb9d_14540>
...
040 (4153674.004.000) 03/10 14:20:40 Started transferring input files
	Transferring to host: <128.142.149.235:9618?addrs=128.142.149.235-9618+[2001-1458-301-b--100-71]-9618&noUDP&sock=14300_64bf_14890>
...
040 (4153674.004.000) 03/10 14:20:40 Finished transferring input files
...
040 (4153674.001.000) 03/10 14:20:40 Finished transferring input files
...
001 (4153674.004.000) 03/10 14:20:41 Job executing on host: <128.142.149.235:9618?addrs=128.142.149.235-9618+[2001-1458-301-b--100-71]-9618&noUDP&sock=14085_b789_3>
...
001 (4153674.001.000) 03/10 14:20:41 Job executing on host: <188.184.182.204:9618?addrs=188.184.182.204-9618+[2001-1458-301-2b--100-3c6]-9618&noUDP&sock=14054_7419_3>
...
040 (4153674.003.000) 03/10 14:20:41 Started transferring input files
	Transferring to host: <188.184.183.224:9618?addrs=188.184.183.224-9618+[2001-1458-301-2b--100-4af]-9618&noUDP&sock=14312_d93f_14691>
...
040 (4153674.003.000) 03/10 14:20:41 Finished transferring input files
...
001 (4153674.003.000) 03/10 14:20:42 Job executing on host: <188.184.183.224:9618?addrs=188.184.183.224-9618+[2001-1458-301-2b--100-4af]-9618&noUDP&sock=14096_4313_3>
...
006 (4153674.001.000) 03/10 14:20:50 Image size of job updated: 12748
	13  -  MemoryUsage of job (MB)
	12748  -  ResidentSetSize of job (KB)
...
006 (4153674.004.000) 03/10 14:20:50 Image size of job updated: 12804
	13  -  MemoryUsage of job (MB)
	12804  -  ResidentSetSize of job (KB)
...
006 (4153674.003.000) 03/10 14:20:51 Image size of job updated: 23472
	10  -  MemoryUsage of job (MB)
	9828  -  ResidentSetSize of job (KB)
...
006 (4153674.001.000) 03/10 14:25:51 Image size of job updated: 244228
	161  -  MemoryUsage of job (MB)
	163864  -  ResidentSetSize of job (KB)
...
006 (4153674.004.000) 03/10 14:25:51 Image size of job updated: 244032
	160  -  MemoryUsage of job (MB)
	163660  -  ResidentSetSize of job (KB)
...
006 (4153674.003.000) 03/10 14:25:51 Image size of job updated: 247904
	164  -  MemoryUsage of job (MB)
	167432  -  ResidentSetSize of job (KB)
...
006 (4153674.004.000) 03/10 14:30:51 Image size of job updated: 247924
	164  -  MemoryUsage of job (MB)
	167424  -  ResidentSetSize of job (KB)
...
006 (4153674.001.000) 03/10 14:30:51 Image size of job updated: 248256
	164  -  MemoryUsage of job (MB)
	167764  -  ResidentSetSize of job (KB)
...
006 (4153674.003.000) 03/10 14:30:51 Image size of job updated: 275352
	191  -  MemoryUsage of job (MB)
	194880  -  ResidentSetSize of job (KB)
...
006 (4153674.003.000) 03/10 14:35:52 Image size of job updated: 275932
	191  -  MemoryUsage of job (MB)
	195460  -  ResidentSetSize of job (KB)
...
006 (4153674.004.000) 03/10 14:35:52 Image size of job updated: 275440
	191  -  MemoryUsage of job (MB)
	194940  -  ResidentSetSize of job (KB)
...
006 (4153674.001.000) 03/10 14:35:52 Image size of job updated: 275524
	191  -  MemoryUsage of job (MB)
	195032  -  ResidentSetSize of job (KB)
...
006 (4153674.003.000) 03/10 14:40:52 Image size of job updated: 279264
	195  -  MemoryUsage of job (MB)
	198792  -  ResidentSetSize of job (KB)
...
006 (4153674.004.000) 03/10 14:40:53 Image size of job updated: 275888
	191  -  MemoryUsage of job (MB)
	195388  -  ResidentSetSize of job (KB)
...
006 (4153674.001.000) 03/10 14:40:53 Image size of job updated: 276016
	191  -  MemoryUsage of job (MB)
	195524  -  ResidentSetSize of job (KB)
...
040 (4153674.005.000) 03/10 14:41:12 Started transferring input files
	Transferring to host: <188.184.210.204:9618?addrs=188.184.210.204-9618+[2001-1458-301-10b--100-d7]-9618&noUDP&sock=31630_f23f_68686>
...
040 (4153674.002.000) 03/10 14:41:12 Started transferring input files
	Transferring to host: <188.184.139.14:9618?addrs=188.184.139.14-9618+[--1]-9618&noUDP&sock=3808_d494_14994>
...
040 (4153674.005.000) 03/10 14:41:12 Finished transferring input files
...
040 (4153674.002.000) 03/10 14:41:12 Finished transferring input files
...
001 (4153674.002.000) 03/10 14:41:13 Job executing on host: <188.184.139.14:9618?addrs=188.184.139.14-9618+[--1]-9618&noUDP&sock=3244_b151_3>
...
001 (4153674.005.000) 03/10 14:41:13 Job executing on host: <188.184.210.204:9618?addrs=188.184.210.204-9618+[2001-1458-301-10b--100-d7]-9618&noUDP&sock=30680_81b2_3>
...
040 (4153674.007.000) 03/10 14:41:13 Started transferring input files
	Transferring to host: <188.184.211.198:9618?addrs=188.184.211.198-9618+[2001-1458-301-10b--100-1bf]-9618&noUDP&sock=6461_1be0_192329>
...
040 (4153674.007.000) 03/10 14:41:13 Finished transferring input files
...
040 (4153674.000.000) 03/10 14:41:14 Started transferring input files
	Transferring to host: <188.184.213.89:9618?addrs=188.184.213.89-9618+[2001-1458-301-10c--100-13c]-9618&noUDP&sock=20425_0298_222752>
...
040 (4153674.000.000) 03/10 14:41:14 Finished transferring input files
...
001 (4153674.007.000) 03/10 14:41:14 Job executing on host: <188.184.211.198:9618?addrs=188.184.211.198-9618+[2001-1458-301-10b--100-1bf]-9618&noUDP&sock=5701_fd83_3>
...
001 (4153674.000.000) 03/10 14:41:15 Job executing on host: <188.184.213.89:9618?addrs=188.184.213.89-9618+[2001-1458-301-10c--100-13c]-9618&noUDP&sock=20294_9312_3>
...
040 (4153674.006.000) 03/10 14:41:15 Started transferring input files
	Transferring to host: <188.184.210.108:9618?addrs=188.184.210.108-9618+[2001-1458-301-10b--100-88]-9618&noUDP&sock=21008_c94f_222161>
...
040 (4153674.006.000) 03/10 14:41:15 Finished transferring input files
...
001 (4153674.006.000) 03/10 14:41:16 Job executing on host: <188.184.210.108:9618?addrs=188.184.210.108-9618+[2001-1458-301-10b--100-88]-9618&noUDP&sock=20876_c730_3>
...
006 (4153674.002.000) 03/10 14:41:21 Image size of job updated: 89516
	39  -  MemoryUsage of job (MB)
	39384  -  ResidentSetSize of job (KB)
...
006 (4153674.005.000) 03/10 14:41:21 Image size of job updated: 30168
	22  -  MemoryUsage of job (MB)
	21948  -  ResidentSetSize of job (KB)
...
006 (4153674.000.000) 03/10 14:41:23 Image size of job updated: 53748
	28  -  MemoryUsage of job (MB)
	28592  -  ResidentSetSize of job (KB)
...
006 (4153674.007.000) 03/10 14:41:23 Image size of job updated: 51620
	28  -  MemoryUsage of job (MB)
	28100  -  ResidentSetSize of job (KB)
...
006 (4153674.006.000) 03/10 14:41:24 Image size of job updated: 24532
	11  -  MemoryUsage of job (MB)
	11044  -  ResidentSetSize of job (KB)
...
006 (4153674.003.000) 03/10 14:45:52 Image size of job updated: 282100
	197  -  MemoryUsage of job (MB)
	201628  -  ResidentSetSize of job (KB)
...
006 (4153674.004.000) 03/10 14:45:53 Image size of job updated: 278808
	194  -  MemoryUsage of job (MB)
	198308  -  ResidentSetSize of job (KB)
...
006 (4153674.001.000) 03/10 14:45:53 Image size of job updated: 276348
	192  -  MemoryUsage of job (MB)
	195856  -  ResidentSetSize of job (KB)
...
006 (4153674.002.000) 03/10 14:46:21 Image size of job updated: 248044
	164  -  MemoryUsage of job (MB)
	167548  -  ResidentSetSize of job (KB)
...
006 (4153674.005.000) 03/10 14:46:22 Image size of job updated: 266708
	181  -  MemoryUsage of job (MB)
	185292  -  ResidentSetSize of job (KB)
...
006 (4153674.000.000) 03/10 14:46:23 Image size of job updated: 248024
	164  -  MemoryUsage of job (MB)
	167528  -  ResidentSetSize of job (KB)
...
006 (4153674.007.000) 03/10 14:46:24 Image size of job updated: 267704
	183  -  MemoryUsage of job (MB)
	186984  -  ResidentSetSize of job (KB)
...
006 (4153674.006.000) 03/10 14:46:24 Image size of job updated: 248068
	164  -  MemoryUsage of job (MB)
	167572  -  ResidentSetSize of job (KB)
...
006 (4153674.003.000) 03/10 14:50:53 Image size of job updated: 285016
	200  -  MemoryUsage of job (MB)
	204544  -  ResidentSetSize of job (KB)
...
006 (4153674.001.000) 03/10 14:50:54 Image size of job updated: 279608
	195  -  MemoryUsage of job (MB)
	199116  -  ResidentSetSize of job (KB)
...
006 (4153674.004.000) 03/10 14:50:54 Image size of job updated: 281508
	197  -  MemoryUsage of job (MB)
	201008  -  ResidentSetSize of job (KB)
...
006 (4153674.002.000) 03/10 14:51:22 Image size of job updated: 275440
	191  -  MemoryUsage of job (MB)
	194944  -  ResidentSetSize of job (KB)
...
006 (4153674.005.000) 03/10 14:51:23 Image size of job updated: 267132
	182  -  MemoryUsage of job (MB)
	185716  -  ResidentSetSize of job (KB)
...
006 (4153674.007.000) 03/10 14:51:24 Image size of job updated: 268284
	184  -  MemoryUsage of job (MB)
	187532  -  ResidentSetSize of job (KB)
...
006 (4153674.000.000) 03/10 14:51:24 Image size of job updated: 275436
	191  -  MemoryUsage of job (MB)
	194940  -  ResidentSetSize of job (KB)
...
006 (4153674.006.000) 03/10 14:51:25 Image size of job updated: 275848
	191  -  MemoryUsage of job (MB)
	195352  -  ResidentSetSize of job (KB)
...
006 (4153674.001.000) 03/10 14:55:54 Image size of job updated: 285272
	200  -  MemoryUsage of job (MB)
	204780  -  ResidentSetSize of job (KB)
...
006 (4153674.004.000) 03/10 14:55:55 Image size of job updated: 282464
	198  -  MemoryUsage of job (MB)
	201964  -  ResidentSetSize of job (KB)
...
006 (4153674.002.000) 03/10 14:56:22 Image size of job updated: 276120
	192  -  MemoryUsage of job (MB)
	195624  -  ResidentSetSize of job (KB)
...
006 (4153674.005.000) 03/10 14:56:23 Image size of job updated: 267696
	182  -  MemoryUsage of job (MB)
	186280  -  ResidentSetSize of job (KB)
...
006 (4153674.007.000) 03/10 14:56:24 Image size of job updated: 268880
	184  -  MemoryUsage of job (MB)
	188152  -  ResidentSetSize of job (KB)
...
006 (4153674.000.000) 03/10 14:56:25 Image size of job updated: 278972
	194  -  MemoryUsage of job (MB)
	198476  -  ResidentSetSize of job (KB)
...
006 (4153674.006.000) 03/10 14:56:25 Image size of job updated: 281836
	197  -  MemoryUsage of job (MB)
	201340  -  ResidentSetSize of job (KB)
...
006 (4153674.001.000) 03/10 15:00:54 Image size of job updated: 305224
	220  -  MemoryUsage of job (MB)
	224732  -  ResidentSetSize of job (KB)
...
006 (4153674.004.000) 03/10 15:00:55 Image size of job updated: 282980
	198  -  MemoryUsage of job (MB)
	202480  -  ResidentSetSize of job (KB)
...
006 (4153674.002.000) 03/10 15:01:22 Image size of job updated: 281944
	197  -  MemoryUsage of job (MB)
	201448  -  ResidentSetSize of job (KB)
...
006 (4153674.005.000) 03/10 15:01:23 Image size of job updated: 267696
	183  -  MemoryUsage of job (MB)
	186752  -  ResidentSetSize of job (KB)
...
006 (4153674.000.000) 03/10 15:01:25 Image size of job updated: 284696
	200  -  MemoryUsage of job (MB)
	204200  -  ResidentSetSize of job (KB)
...
006 (4153674.006.000) 03/10 15:01:25 Image size of job updated: 283208
	198  -  MemoryUsage of job (MB)
	202712  -  ResidentSetSize of job (KB)
...
006 (4153674.007.000) 03/10 15:01:25 Image size of job updated: 269168
	185  -  MemoryUsage of job (MB)
	188436  -  ResidentSetSize of job (KB)
...
006 (4153674.001.000) 03/10 15:05:55 Image size of job updated: 305352
	220  -  MemoryUsage of job (MB)
	224860  -  ResidentSetSize of job (KB)
...
006 (4153674.004.000) 03/10 15:05:57 Image size of job updated: 284612
	200  -  MemoryUsage of job (MB)
	204112  -  ResidentSetSize of job (KB)
...
006 (4153674.002.000) 03/10 15:06:23 Image size of job updated: 284952
	200  -  MemoryUsage of job (MB)
	204456  -  ResidentSetSize of job (KB)
...
006 (4153674.005.000) 03/10 15:06:24 Image size of job updated: 267696
	183  -  MemoryUsage of job (MB)
	186796  -  ResidentSetSize of job (KB)
...
006 (4153674.006.000) 03/10 15:06:26 Image size of job updated: 284388
	200  -  MemoryUsage of job (MB)
	203892  -  ResidentSetSize of job (KB)
...
006 (4153674.007.000) 03/10 15:06:26 Image size of job updated: 269168
	185  -  MemoryUsage of job (MB)
	188820  -  ResidentSetSize of job (KB)
...
006 (4153674.000.000) 03/10 15:06:26 Image size of job updated: 304960
	220  -  MemoryUsage of job (MB)
	224464  -  ResidentSetSize of job (KB)
...
006 (4153674.001.000) 03/10 15:10:55 Image size of job updated: 305352
	221  -  MemoryUsage of job (MB)
	225460  -  ResidentSetSize of job (KB)
...
006 (4153674.004.000) 03/10 15:10:57 Image size of job updated: 284612
	200  -  MemoryUsage of job (MB)
	204196  -  ResidentSetSize of job (KB)
...
006 (4153674.005.000) 03/10 15:11:25 Image size of job updated: 267696
	183  -  MemoryUsage of job (MB)
	187020  -  ResidentSetSize of job (KB)
...
006 (4153674.006.000) 03/10 15:11:26 Image size of job updated: 284388
	201  -  MemoryUsage of job (MB)
	204928  -  ResidentSetSize of job (KB)
...
006 (4153674.007.000) 03/10 15:11:26 Image size of job updated: 269168
	185  -  MemoryUsage of job (MB)
	189040  -  ResidentSetSize of job (KB)
...
006 (4153674.000.000) 03/10 15:11:27 Image size of job updated: 304960
	221  -  MemoryUsage of job (MB)
	225304  -  ResidentSetSize of job (KB)
...
006 (4153674.003.000) 03/10 15:15:56 Image size of job updated: 285016
	201  -  MemoryUsage of job (MB)
	205416  -  ResidentSetSize of job (KB)
...
006 (4153674.004.000) 03/10 15:15:57 Image size of job updated: 284612
	200  -  MemoryUsage of job (MB)
	204208  -  ResidentSetSize of job (KB)
...
006 (4153674.005.000) 03/10 15:16:25 Image size of job updated: 267696
	184  -  MemoryUsage of job (MB)
	187436  -  ResidentSetSize of job (KB)
...
006 (4153674.006.000) 03/10 15:16:26 Image size of job updated: 284388
	201  -  MemoryUsage of job (MB)
	205160  -  ResidentSetSize of job (KB)
...
006 (4153674.007.000) 03/10 15:16:27 Image size of job updated: 269168
	185  -  MemoryUsage of job (MB)
	189092  -  ResidentSetSize of job (KB)
...
006 (4153674.003.000) 03/10 15:20:56 Image size of job updated: 285016
	201  -  MemoryUsage of job (MB)
	205648  -  ResidentSetSize of job (KB)
...
006 (4153674.004.000) 03/10 15:20:58 Image size of job updated: 284612
	200  -  MemoryUsage of job (MB)
	204316  -  ResidentSetSize of job (KB)
...
006 (4153674.005.000) 03/10 15:21:25 Image size of job updated: 267696
	184  -  MemoryUsage of job (MB)
	187672  -  ResidentSetSize of job (KB)
...
006 (4153674.002.000) 03/10 15:21:25 Image size of job updated: 284952
	200  -  MemoryUsage of job (MB)
	204508  -  ResidentSetSize of job (KB)
...
006 (4153674.006.000) 03/10 15:21:27 Image size of job updated: 284388
	201  -  MemoryUsage of job (MB)
	205352  -  ResidentSetSize of job (KB)
...
006 (4153674.007.000) 03/10 15:21:28 Image size of job updated: 269168
	185  -  MemoryUsage of job (MB)
	189232  -  ResidentSetSize of job (KB)
...
006 (4153674.003.000) 03/10 15:25:56 Image size of job updated: 285016
	202  -  MemoryUsage of job (MB)
	205840  -  ResidentSetSize of job (KB)
...
006 (4153674.004.000) 03/10 15:25:58 Image size of job updated: 284612
	200  -  MemoryUsage of job (MB)
	204364  -  ResidentSetSize of job (KB)
...
006 (4153674.002.000) 03/10 15:26:26 Image size of job updated: 284952
	202  -  MemoryUsage of job (MB)
	206232  -  ResidentSetSize of job (KB)
...
006 (4153674.005.000) 03/10 15:26:26 Image size of job updated: 267696
	184  -  MemoryUsage of job (MB)
	187696  -  ResidentSetSize of job (KB)
...
006 (4153674.006.000) 03/10 15:26:27 Image size of job updated: 284388
	201  -  MemoryUsage of job (MB)
	205436  -  ResidentSetSize of job (KB)
...
006 (4153674.007.000) 03/10 15:26:28 Image size of job updated: 269168
	185  -  MemoryUsage of job (MB)
	189380  -  ResidentSetSize of job (KB)
...
006 (4153674.003.000) 03/10 15:30:57 Image size of job updated: 285016
	202  -  MemoryUsage of job (MB)
	206156  -  ResidentSetSize of job (KB)
...
006 (4153674.004.000) 03/10 15:30:58 Image size of job updated: 284612
	200  -  MemoryUsage of job (MB)
	204624  -  ResidentSetSize of job (KB)
...
006 (4153674.002.000) 03/10 15:31:26 Image size of job updated: 284952
	202  -  MemoryUsage of job (MB)
	206424  -  ResidentSetSize of job (KB)
...
006 (4153674.005.000) 03/10 15:31:27 Image size of job updated: 267696
	184  -  MemoryUsage of job (MB)
	187888  -  ResidentSetSize of job (KB)
...
006 (4153674.006.000) 03/10 15:31:27 Image size of job updated: 284388
	201  -  MemoryUsage of job (MB)
	205460  -  ResidentSetSize of job (KB)
...
006 (4153674.007.000) 03/10 15:31:28 Image size of job updated: 269168
	185  -  MemoryUsage of job (MB)
	189428  -  ResidentSetSize of job (KB)
...
006 (4153674.003.000) 03/10 15:35:57 Image size of job updated: 285016
	202  -  MemoryUsage of job (MB)
	206344  -  ResidentSetSize of job (KB)
...
006 (4153674.004.000) 03/10 15:35:59 Image size of job updated: 284612
	200  -  MemoryUsage of job (MB)
	204732  -  ResidentSetSize of job (KB)
...
006 (4153674.002.000) 03/10 15:36:26 Image size of job updated: 284952
	203  -  MemoryUsage of job (MB)
	206988  -  ResidentSetSize of job (KB)
...
006 (4153674.005.000) 03/10 15:36:27 Image size of job updated: 267696
	184  -  MemoryUsage of job (MB)
	187916  -  ResidentSetSize of job (KB)
...
006 (4153674.006.000) 03/10 15:36:29 Image size of job updated: 284388
	201  -  MemoryUsage of job (MB)
	205480  -  ResidentSetSize of job (KB)
...
006 (4153674.007.000) 03/10 15:36:29 Image size of job updated: 269168
	186  -  MemoryUsage of job (MB)
	189636  -  ResidentSetSize of job (KB)
...
006 (4153674.003.000) 03/10 15:40:57 Image size of job updated: 285016
	202  -  MemoryUsage of job (MB)
	206732  -  ResidentSetSize of job (KB)
...
006 (4153674.004.000) 03/10 15:40:59 Image size of job updated: 284612
	201  -  MemoryUsage of job (MB)
	204844  -  ResidentSetSize of job (KB)
...
006 (4153674.002.000) 03/10 15:41:27 Image size of job updated: 284952
	203  -  MemoryUsage of job (MB)
	207020  -  ResidentSetSize of job (KB)
...
006 (4153674.005.000) 03/10 15:41:27 Image size of job updated: 267696
	184  -  MemoryUsage of job (MB)
	188260  -  ResidentSetSize of job (KB)
...
006 (4153674.006.000) 03/10 15:41:29 Image size of job updated: 284388
	201  -  MemoryUsage of job (MB)
	205616  -  ResidentSetSize of job (KB)
...
006 (4153674.007.000) 03/10 15:41:29 Image size of job updated: 269168
	186  -  MemoryUsage of job (MB)
	189876  -  ResidentSetSize of job (KB)
...
006 (4153674.003.000) 03/10 15:45:58 Image size of job updated: 285016
	202  -  MemoryUsage of job (MB)
	206764  -  ResidentSetSize of job (KB)
...
006 (4153674.004.000) 03/10 15:45:59 Image size of job updated: 284612
	201  -  MemoryUsage of job (MB)
	204860  -  ResidentSetSize of job (KB)
...
006 (4153674.002.000) 03/10 15:46:27 Image size of job updated: 284952
	203  -  MemoryUsage of job (MB)
	207060  -  ResidentSetSize of job (KB)
...
006 (4153674.005.000) 03/10 15:46:28 Image size of job updated: 267696
	185  -  MemoryUsage of job (MB)
	188488  -  ResidentSetSize of job (KB)
...
006 (4153674.006.000) 03/10 15:46:29 Image size of job updated: 284388
	201  -  MemoryUsage of job (MB)
	205640  -  ResidentSetSize of job (KB)
...
006 (4153674.007.000) 03/10 15:46:29 Image size of job updated: 269168
	186  -  MemoryUsage of job (MB)
	189888  -  ResidentSetSize of job (KB)
...
006 (4153674.003.000) 03/10 15:50:58 Image size of job updated: 285016
	203  -  MemoryUsage of job (MB)
	206872  -  ResidentSetSize of job (KB)
...
006 (4153674.004.000) 03/10 15:51:00 Image size of job updated: 284612
	201  -  MemoryUsage of job (MB)
	204876  -  ResidentSetSize of job (KB)
...
006 (4153674.002.000) 03/10 15:51:27 Image size of job updated: 284952
	203  -  MemoryUsage of job (MB)
	207292  -  ResidentSetSize of job (KB)
...
006 (4153674.005.000) 03/10 15:51:28 Image size of job updated: 267696
	185  -  MemoryUsage of job (MB)
	188548  -  ResidentSetSize of job (KB)
...
006 (4153674.006.000) 03/10 15:51:30 Image size of job updated: 284388
	201  -  MemoryUsage of job (MB)
	205660  -  ResidentSetSize of job (KB)
...
006 (4153674.007.000) 03/10 15:51:31 Image size of job updated: 269168
	186  -  MemoryUsage of job (MB)
	189944  -  ResidentSetSize of job (KB)
...
006 (4153674.003.000) 03/10 15:55:58 Image size of job updated: 285016
	204  -  MemoryUsage of job (MB)
	207892  -  ResidentSetSize of job (KB)
...
006 (4153674.004.000) 03/10 15:56:00 Image size of job updated: 284612
	201  -  MemoryUsage of job (MB)
	205040  -  ResidentSetSize of job (KB)
...
006 (4153674.005.000) 03/10 15:56:28 Image size of job updated: 267696
	185  -  MemoryUsage of job (MB)
	188720  -  ResidentSetSize of job (KB)
...
006 (4153674.002.000) 03/10 15:56:28 Image size of job updated: 284952
	203  -  MemoryUsage of job (MB)
	207304  -  ResidentSetSize of job (KB)
...
006 (4153674.006.000) 03/10 15:56:31 Image size of job updated: 284388
	201  -  MemoryUsage of job (MB)
	205672  -  ResidentSetSize of job (KB)
...
006 (4153674.007.000) 03/10 15:56:31 Image size of job updated: 269168
	186  -  MemoryUsage of job (MB)
	190236  -  ResidentSetSize of job (KB)
...
006 (4153674.003.000) 03/10 16:00:59 Image size of job updated: 285016
	204  -  MemoryUsage of job (MB)
	207900  -  ResidentSetSize of job (KB)
...
006 (4153674.004.000) 03/10 16:01:00 Image size of job updated: 284612
	201  -  MemoryUsage of job (MB)
	205048  -  ResidentSetSize of job (KB)
...
006 (4153674.002.000) 03/10 16:01:29 Image size of job updated: 284952
	203  -  MemoryUsage of job (MB)
	207336  -  ResidentSetSize of job (KB)
...
006 (4153674.005.000) 03/10 16:01:30 Image size of job updated: 267696
	185  -  MemoryUsage of job (MB)
	189096  -  ResidentSetSize of job (KB)
...
006 (4153674.007.000) 03/10 16:01:31 Image size of job updated: 269168
	186  -  MemoryUsage of job (MB)
	190256  -  ResidentSetSize of job (KB)
...
006 (4153674.003.000) 03/10 16:05:59 Image size of job updated: 285016
	204  -  MemoryUsage of job (MB)
	207920  -  ResidentSetSize of job (KB)
...
006 (4153674.004.000) 03/10 16:06:01 Image size of job updated: 284612
	201  -  MemoryUsage of job (MB)
	205060  -  ResidentSetSize of job (KB)
...
006 (4153674.002.000) 03/10 16:06:29 Image size of job updated: 284952
	203  -  MemoryUsage of job (MB)
	207364  -  ResidentSetSize of job (KB)
...
006 (4153674.005.000) 03/10 16:06:30 Image size of job updated: 267696
	185  -  MemoryUsage of job (MB)
	189276  -  ResidentSetSize of job (KB)
...
006 (4153674.007.000) 03/10 16:06:32 Image size of job updated: 269168
	186  -  MemoryUsage of job (MB)
	190352  -  ResidentSetSize of job (KB)
...
006 (4153674.006.000) 03/10 16:06:32 Image size of job updated: 284388
	201  -  MemoryUsage of job (MB)
	205684  -  ResidentSetSize of job (KB)
...
006 (4153674.003.000) 03/10 16:11:00 Image size of job updated: 285016
	204  -  MemoryUsage of job (MB)
	207932  -  ResidentSetSize of job (KB)
...
006 (4153674.004.000) 03/10 16:11:01 Image size of job updated: 284612
	201  -  MemoryUsage of job (MB)
	205132  -  ResidentSetSize of job (KB)
...
006 (4153674.005.000) 03/10 16:11:30 Image size of job updated: 267696
	186  -  MemoryUsage of job (MB)
	189520  -  ResidentSetSize of job (KB)
...
006 (4153674.002.000) 03/10 16:11:30 Image size of job updated: 284952
	203  -  MemoryUsage of job (MB)
	207396  -  ResidentSetSize of job (KB)
...
006 (4153674.007.000) 03/10 16:11:33 Image size of job updated: 269168
	187  -  MemoryUsage of job (MB)
	190864  -  ResidentSetSize of job (KB)
...
006 (4153674.006.000) 03/10 16:11:33 Image size of job updated: 284388
	202  -  MemoryUsage of job (MB)
	205960  -  ResidentSetSize of job (KB)
...
006 (4153674.003.000) 03/10 16:16:01 Image size of job updated: 285016
	204  -  MemoryUsage of job (MB)
	207936  -  ResidentSetSize of job (KB)
...
006 (4153674.004.000) 03/10 16:16:02 Image size of job updated: 284612
	201  -  MemoryUsage of job (MB)
	205184  -  ResidentSetSize of job (KB)
...
006 (4153674.002.000) 03/10 16:16:31 Image size of job updated: 284952
	203  -  MemoryUsage of job (MB)
	207556  -  ResidentSetSize of job (KB)
...
006 (4153674.005.000) 03/10 16:16:31 Image size of job updated: 267696
	186  -  MemoryUsage of job (MB)
	189540  -  ResidentSetSize of job (KB)
...
006 (4153674.007.000) 03/10 16:16:33 Image size of job updated: 269168
	187  -  MemoryUsage of job (MB)
	190888  -  ResidentSetSize of job (KB)
...
006 (4153674.006.000) 03/10 16:16:33 Image size of job updated: 284388
	202  -  MemoryUsage of job (MB)
	205972  -  ResidentSetSize of job (KB)
...
006 (4153674.003.000) 03/10 16:21:01 Image size of job updated: 285016
	204  -  MemoryUsage of job (MB)
	207992  -  ResidentSetSize of job (KB)
...
006 (4153674.004.000) 03/10 16:21:03 Image size of job updated: 284612
	201  -  MemoryUsage of job (MB)
	205352  -  ResidentSetSize of job (KB)
...
006 (4153674.002.000) 03/10 16:21:31 Image size of job updated: 284952
	203  -  MemoryUsage of job (MB)
	207568  -  ResidentSetSize of job (KB)
...
006 (4153674.005.000) 03/10 16:21:32 Image size of job updated: 267696
	186  -  MemoryUsage of job (MB)
	189636  -  ResidentSetSize of job (KB)
...
006 (4153674.006.000) 03/10 16:21:34 Image size of job updated: 284388
	202  -  MemoryUsage of job (MB)
	205984  -  ResidentSetSize of job (KB)
...
006 (4153674.007.000) 03/10 16:21:34 Image size of job updated: 269168
	187  -  MemoryUsage of job (MB)
	191152  -  ResidentSetSize of job (KB)
...
006 (4153674.003.000) 03/10 16:26:02 Image size of job updated: 285016
	204  -  MemoryUsage of job (MB)
	208000  -  ResidentSetSize of job (KB)
...
006 (4153674.004.000) 03/10 16:26:03 Image size of job updated: 284612
	201  -  MemoryUsage of job (MB)
	205360  -  ResidentSetSize of job (KB)
...
006 (4153674.002.000) 03/10 16:26:31 Image size of job updated: 284952
	203  -  MemoryUsage of job (MB)
	207720  -  ResidentSetSize of job (KB)
...
006 (4153674.005.000) 03/10 16:26:32 Image size of job updated: 267696
	186  -  MemoryUsage of job (MB)
	190160  -  ResidentSetSize of job (KB)
...
006 (4153674.006.000) 03/10 16:26:34 Image size of job updated: 284388
	202  -  MemoryUsage of job (MB)
	206048  -  ResidentSetSize of job (KB)
...
006 (4153674.007.000) 03/10 16:26:35 Image size of job updated: 269168
	187  -  MemoryUsage of job (MB)
	191180  -  ResidentSetSize of job (KB)
...
006 (4153674.003.000) 03/10 16:31:03 Image size of job updated: 285016
	204  -  MemoryUsage of job (MB)
	208212  -  ResidentSetSize of job (KB)
...
006 (4153674.004.000) 03/10 16:31:04 Image size of job updated: 284612
	201  -  MemoryUsage of job (MB)
	205364  -  ResidentSetSize of job (KB)
...
006 (4153674.002.000) 03/10 16:31:32 Image size of job updated: 284952
	203  -  MemoryUsage of job (MB)
	207736  -  ResidentSetSize of job (KB)
...
006 (4153674.005.000) 03/10 16:31:33 Image size of job updated: 267696
	186  -  MemoryUsage of job (MB)
	190420  -  ResidentSetSize of job (KB)
...
006 (4153674.006.000) 03/10 16:31:34 Image size of job updated: 284388
	202  -  MemoryUsage of job (MB)
	206132  -  ResidentSetSize of job (KB)
...
006 (4153674.007.000) 03/10 16:31:35 Image size of job updated: 269168
	187  -  MemoryUsage of job (MB)
	191344  -  ResidentSetSize of job (KB)
...
006 (4153674.003.000) 03/10 16:36:03 Image size of job updated: 285016
	204  -  MemoryUsage of job (MB)
	208220  -  ResidentSetSize of job (KB)
...
006 (4153674.004.000) 03/10 16:36:04 Image size of job updated: 284612
	201  -  MemoryUsage of job (MB)
	205372  -  ResidentSetSize of job (KB)
...
006 (4153674.002.000) 03/10 16:36:33 Image size of job updated: 284952
	203  -  MemoryUsage of job (MB)
	207744  -  ResidentSetSize of job (KB)
...
006 (4153674.005.000) 03/10 16:36:34 Image size of job updated: 267696
	186  -  MemoryUsage of job (MB)
	190456  -  ResidentSetSize of job (KB)
...
006 (4153674.006.000) 03/10 16:36:35 Image size of job updated: 284388
	202  -  MemoryUsage of job (MB)
	206136  -  ResidentSetSize of job (KB)
...
006 (4153674.007.000) 03/10 16:36:35 Image size of job updated: 269168
	187  -  MemoryUsage of job (MB)
	191348  -  ResidentSetSize of job (KB)
...
006 (4153674.003.000) 03/10 16:41:04 Image size of job updated: 285016
	204  -  MemoryUsage of job (MB)
	208232  -  ResidentSetSize of job (KB)
...
006 (4153674.004.000) 03/10 16:41:04 Image size of job updated: 284612
	201  -  MemoryUsage of job (MB)
	205424  -  ResidentSetSize of job (KB)
...
006 (4153674.002.000) 03/10 16:41:33 Image size of job updated: 284952
	203  -  MemoryUsage of job (MB)
	207748  -  ResidentSetSize of job (KB)
...
006 (4153674.005.000) 03/10 16:41:34 Image size of job updated: 267696
	187  -  MemoryUsage of job (MB)
	190492  -  ResidentSetSize of job (KB)
...
006 (4153674.006.000) 03/10 16:41:35 Image size of job updated: 284388
	202  -  MemoryUsage of job (MB)
	206144  -  ResidentSetSize of job (KB)
...
006 (4153674.003.000) 03/10 16:46:04 Image size of job updated: 285016
	204  -  MemoryUsage of job (MB)
	208240  -  ResidentSetSize of job (KB)
...
006 (4153674.004.000) 03/10 16:46:05 Image size of job updated: 284612
	201  -  MemoryUsage of job (MB)
	205436  -  ResidentSetSize of job (KB)
...
006 (4153674.002.000) 03/10 16:46:34 Image size of job updated: 284952
	204  -  MemoryUsage of job (MB)
	208132  -  ResidentSetSize of job (KB)
...
006 (4153674.005.000) 03/10 16:46:34 Image size of job updated: 267696
	187  -  MemoryUsage of job (MB)
	190520  -  ResidentSetSize of job (KB)
...
006 (4153674.006.000) 03/10 16:46:35 Image size of job updated: 284388
	202  -  MemoryUsage of job (MB)
	206152  -  ResidentSetSize of job (KB)
...
006 (4153674.007.000) 03/10 16:46:36 Image size of job updated: 269168
	187  -  MemoryUsage of job (MB)
	191460  -  ResidentSetSize of job (KB)
...
006 (4153674.003.000) 03/10 16:51:04 Image size of job updated: 285016
	204  -  MemoryUsage of job (MB)
	208400  -  ResidentSetSize of job (KB)
...
006 (4153674.004.000) 03/10 16:51:05 Image size of job updated: 284612
	201  -  MemoryUsage of job (MB)
	205448  -  ResidentSetSize of job (KB)
...
006 (4153674.002.000) 03/10 16:51:35 Image size of job updated: 284952
	204  -  MemoryUsage of job (MB)
	208148  -  ResidentSetSize of job (KB)
...
006 (4153674.005.000) 03/10 16:51:35 Image size of job updated: 267696
	187  -  MemoryUsage of job (MB)
	190576  -  ResidentSetSize of job (KB)
...
006 (4153674.006.000) 03/10 16:51:36 Image size of job updated: 284388
	202  -  MemoryUsage of job (MB)
	206264  -  ResidentSetSize of job (KB)
...
006 (4153674.007.000) 03/10 16:51:36 Image size of job updated: 269168
	188  -  MemoryUsage of job (MB)
	192072  -  ResidentSetSize of job (KB)
...
006 (4153674.003.000) 03/10 16:56:05 Image size of job updated: 285016
	204  -  MemoryUsage of job (MB)
	208412  -  ResidentSetSize of job (KB)
...
006 (4153674.002.000) 03/10 16:56:35 Image size of job updated: 284952
	204  -  MemoryUsage of job (MB)
	208152  -  ResidentSetSize of job (KB)
...
006 (4153674.005.000) 03/10 16:56:35 Image size of job updated: 267696
	187  -  MemoryUsage of job (MB)
	190864  -  ResidentSetSize of job (KB)
...
006 (4153674.006.000) 03/10 16:56:36 Image size of job updated: 284388
	202  -  MemoryUsage of job (MB)
	206436  -  ResidentSetSize of job (KB)
...
006 (4153674.003.000) 03/10 17:01:05 Image size of job updated: 285016
	204  -  MemoryUsage of job (MB)
	208416  -  ResidentSetSize of job (KB)
...
006 (4153674.004.000) 03/10 17:01:07 Image size of job updated: 284612
	201  -  MemoryUsage of job (MB)
	205452  -  ResidentSetSize of job (KB)
...
006 (4153674.002.000) 03/10 17:01:35 Image size of job updated: 284952
	204  -  MemoryUsage of job (MB)
	208180  -  ResidentSetSize of job (KB)
...
006 (4153674.005.000) 03/10 17:01:35 Image size of job updated: 267696
	187  -  MemoryUsage of job (MB)
	191036  -  ResidentSetSize of job (KB)
...
006 (4153674.006.000) 03/10 17:01:36 Image size of job updated: 284388
	202  -  MemoryUsage of job (MB)
	206608  -  ResidentSetSize of job (KB)
...
006 (4153674.003.000) 03/10 17:06:06 Image size of job updated: 285016
	204  -  MemoryUsage of job (MB)
	208432  -  ResidentSetSize of job (KB)
...
006 (4153674.004.000) 03/10 17:06:07 Image size of job updated: 284612
	201  -  MemoryUsage of job (MB)
	205464  -  ResidentSetSize of job (KB)
...
006 (4153674.002.000) 03/10 17:06:36 Image size of job updated: 284952
	204  -  MemoryUsage of job (MB)
	208260  -  ResidentSetSize of job (KB)
...
006 (4153674.006.000) 03/10 17:06:37 Image size of job updated: 284388
	202  -  MemoryUsage of job (MB)
	206624  -  ResidentSetSize of job (KB)
...
006 (4153674.007.000) 03/10 17:06:37 Image size of job updated: 269168
	188  -  MemoryUsage of job (MB)
	192092  -  ResidentSetSize of job (KB)
...
006 (4153674.003.000) 03/10 17:11:07 Image size of job updated: 285016
	204  -  MemoryUsage of job (MB)
	208436  -  ResidentSetSize of job (KB)
...
006 (4153674.004.000) 03/10 17:11:08 Image size of job updated: 284612
	201  -  MemoryUsage of job (MB)
	205468  -  ResidentSetSize of job (KB)
...
006 (4153674.005.000) 03/10 17:11:30 Image size of job updated: 645012
	187  -  MemoryUsage of job (MB)
	191036  -  ResidentSetSize of job (KB)
...
040 (4153674.005.000) 03/10 17:11:31 Started transferring output files
...
040 (4153674.005.000) 03/10 17:11:31 Finished transferring output files
...
005 (4153674.005.000) 03/10 17:11:32 Job terminated.
	(1) Normal termination (return value 0)
		Usr 0 02:25:30, Sys 0 00:00:03  -  Run Remote Usage
		Usr 0 00:00:00, Sys 0 00:00:00  -  Run Local Usage
		Usr 0 02:25:30, Sys 0 00:00:03  -  Total Remote Usage
		Usr 0 00:00:00, Sys 0 00:00:00  -  Total Local Usage
	760544  -  Run Bytes Sent By Job
	13322  -  Run Bytes Received By Job
	760544  -  Total Bytes Sent By Job
	13322  -  Total Bytes Received By Job
	Partitionable Resources :    Usage  Request Allocated 
	   Cpus                 :                 1           
	   Disk (KB)            :     1251       15   2019881 
	   Memory (MB)          :      187     2000      2000 
...
006 (4153674.002.000) 03/10 17:11:37 Image size of job updated: 284952
	204  -  MemoryUsage of job (MB)
	208448  -  ResidentSetSize of job (KB)
...
006 (4153674.006.000) 03/10 17:11:37 Image size of job updated: 284388
	202  -  MemoryUsage of job (MB)
	206632  -  ResidentSetSize of job (KB)
...
006 (4153674.007.000) 03/10 17:11:38 Image size of job updated: 269168
	188  -  MemoryUsage of job (MB)
	192132  -  ResidentSetSize of job (KB)
...
006 (4153674.003.000) 03/10 17:16:07 Image size of job updated: 285016
	204  -  MemoryUsage of job (MB)
	208440  -  ResidentSetSize of job (KB)
...
006 (4153674.004.000) 03/10 17:16:09 Image size of job updated: 284612
	201  -  MemoryUsage of job (MB)
	205504  -  ResidentSetSize of job (KB)
...
006 (4153674.002.000) 03/10 17:16:37 Image size of job updated: 284952
	204  -  MemoryUsage of job (MB)
	208460  -  ResidentSetSize of job (KB)
...
006 (4153674.006.000) 03/10 17:16:37 Image size of job updated: 284388
	202  -  MemoryUsage of job (MB)
	206640  -  ResidentSetSize of job (KB)
...
006 (4153674.007.000) 03/10 17:16:39 Image size of job updated: 269168
	189  -  MemoryUsage of job (MB)
	192524  -  ResidentSetSize of job (KB)
...
006 (4153674.003.000) 03/10 17:21:08 Image size of job updated: 285016
	204  -  MemoryUsage of job (MB)
	208672  -  ResidentSetSize of job (KB)
...
006 (4153674.004.000) 03/10 17:21:09 Image size of job updated: 284612
	201  -  MemoryUsage of job (MB)
	205548  -  ResidentSetSize of job (KB)
...
006 (4153674.002.000) 03/10 17:21:37 Image size of job updated: 284952
	204  -  MemoryUsage of job (MB)
	208476  -  ResidentSetSize of job (KB)
...
006 (4153674.006.000) 03/10 17:21:38 Image size of job updated: 284388
	203  -  MemoryUsage of job (MB)
	206996  -  ResidentSetSize of job (KB)
...
006 (4153674.007.000) 03/10 17:21:39 Image size of job updated: 269168
	189  -  MemoryUsage of job (MB)
	192696  -  ResidentSetSize of job (KB)
...
006 (4153674.003.000) 03/10 17:26:09 Image size of job updated: 285016
	204  -  MemoryUsage of job (MB)
	208684  -  ResidentSetSize of job (KB)
...
006 (4153674.004.000) 03/10 17:26:10 Image size of job updated: 284612
	201  -  MemoryUsage of job (MB)
	205720  -  ResidentSetSize of job (KB)
...
006 (4153674.002.000) 03/10 17:26:38 Image size of job updated: 284952
	204  -  MemoryUsage of job (MB)
	208696  -  ResidentSetSize of job (KB)
...
006 (4153674.006.000) 03/10 17:26:38 Image size of job updated: 284388
	203  -  MemoryUsage of job (MB)
	207140  -  ResidentSetSize of job (KB)
...
006 (4153674.007.000) 03/10 17:26:40 Image size of job updated: 269168
	189  -  MemoryUsage of job (MB)
	192712  -  ResidentSetSize of job (KB)
...
006 (4153674.003.000) 03/10 17:31:09 Image size of job updated: 285016
	204  -  MemoryUsage of job (MB)
	208828  -  ResidentSetSize of job (KB)
...
006 (4153674.004.000) 03/10 17:31:11 Image size of job updated: 284612
	202  -  MemoryUsage of job (MB)
	206048  -  ResidentSetSize of job (KB)
...
006 (4153674.002.000) 03/10 17:31:38 Image size of job updated: 284952
	204  -  MemoryUsage of job (MB)
	208712  -  ResidentSetSize of job (KB)
...
006 (4153674.006.000) 03/10 17:31:38 Image size of job updated: 284388
	203  -  MemoryUsage of job (MB)
	207152  -  ResidentSetSize of job (KB)
...
006 (4153674.007.000) 03/10 17:31:41 Image size of job updated: 269168
	189  -  MemoryUsage of job (MB)
	192728  -  ResidentSetSize of job (KB)
...
006 (4153674.003.000) 03/10 17:36:10 Image size of job updated: 285016
	204  -  MemoryUsage of job (MB)
	208840  -  ResidentSetSize of job (KB)
...
006 (4153674.004.000) 03/10 17:36:11 Image size of job updated: 284612
	202  -  MemoryUsage of job (MB)
	206052  -  ResidentSetSize of job (KB)
...
006 (4153674.002.000) 03/10 17:36:38 Image size of job updated: 284952
	204  -  MemoryUsage of job (MB)
	208724  -  ResidentSetSize of job (KB)
...
006 (4153674.006.000) 03/10 17:36:39 Image size of job updated: 284388
	203  -  MemoryUsage of job (MB)
	207252  -  ResidentSetSize of job (KB)
...
006 (4153674.007.000) 03/10 17:36:41 Image size of job updated: 269168
	189  -  MemoryUsage of job (MB)
	192740  -  ResidentSetSize of job (KB)
...
006 (4153674.003.000) 03/10 17:41:10 Image size of job updated: 285016
	205  -  MemoryUsage of job (MB)
	209040  -  ResidentSetSize of job (KB)
...
006 (4153674.004.000) 03/10 17:41:13 Image size of job updated: 284612
	202  -  MemoryUsage of job (MB)
	206136  -  ResidentSetSize of job (KB)
...
006 (4153674.006.000) 03/10 17:41:39 Image size of job updated: 284388
	203  -  MemoryUsage of job (MB)
	207256  -  ResidentSetSize of job (KB)
...
006 (4153674.002.000) 03/10 17:41:39 Image size of job updated: 284952
	205  -  MemoryUsage of job (MB)
	209040  -  ResidentSetSize of job (KB)
...
006 (4153674.007.000) 03/10 17:41:42 Image size of job updated: 269168
	189  -  MemoryUsage of job (MB)
	193088  -  ResidentSetSize of job (KB)
...
006 (4153674.003.000) 03/10 17:46:10 Image size of job updated: 285016
	205  -  MemoryUsage of job (MB)
	209048  -  ResidentSetSize of job (KB)
...
006 (4153674.004.000) 03/10 17:46:13 Image size of job updated: 284612
	202  -  MemoryUsage of job (MB)
	206148  -  ResidentSetSize of job (KB)
...
006 (4153674.006.000) 03/10 17:46:39 Image size of job updated: 284388
	203  -  MemoryUsage of job (MB)
	207324  -  ResidentSetSize of job (KB)
...
006 (4153674.002.000) 03/10 17:46:40 Image size of job updated: 284952
	205  -  MemoryUsage of job (MB)
	209048  -  ResidentSetSize of job (KB)
...
006 (4153674.007.000) 03/10 17:46:43 Image size of job updated: 269168
	189  -  MemoryUsage of job (MB)
	193140  -  ResidentSetSize of job (KB)
...
006 (4153674.003.000) 03/10 17:51:11 Image size of job updated: 285016
	205  -  MemoryUsage of job (MB)
	209112  -  ResidentSetSize of job (KB)
...
006 (4153674.004.000) 03/10 17:51:13 Image size of job updated: 284612
	202  -  MemoryUsage of job (MB)
	206164  -  ResidentSetSize of job (KB)
...
006 (4153674.006.000) 03/10 17:51:40 Image size of job updated: 284388
	203  -  MemoryUsage of job (MB)
	207524  -  ResidentSetSize of job (KB)
...
006 (4153674.002.000) 03/10 17:51:40 Image size of job updated: 284952
	205  -  MemoryUsage of job (MB)
	209060  -  ResidentSetSize of job (KB)
...
006 (4153674.007.000) 03/10 17:51:43 Image size of job updated: 269168
	190  -  MemoryUsage of job (MB)
	193588  -  ResidentSetSize of job (KB)
...
040 (4153674.007.000) 03/10 17:53:13 Started transferring output files
...
040 (4153674.007.000) 03/10 17:53:13 Finished transferring output files
...
005 (4153674.007.000) 03/10 17:53:13 Job terminated.
	(1) Normal termination (return value 0)
		Usr 0 03:08:45, Sys 0 00:00:03  -  Run Remote Usage
		Usr 0 00:00:00, Sys 0 00:00:00  -  Run Local Usage
		Usr 0 03:08:45, Sys 0 00:00:03  -  Total Remote Usage
		Usr 0 00:00:00, Sys 0 00:00:00  -  Total Local Usage
	765983  -  Run Bytes Sent By Job
	13320  -  Run Bytes Received By Job
	765983  -  Total Bytes Sent By Job
	13320  -  Total Bytes Received By Job
	Partitionable Resources :    Usage  Request Allocated 
	   Cpus                 :                 1           
	   Disk (KB)            :     1256       15   3058173 
	   Memory (MB)          :      190     2000      2000 
...
006 (4153674.003.000) 03/10 17:56:11 Image size of job updated: 285016
	205  -  MemoryUsage of job (MB)
	209296  -  ResidentSetSize of job (KB)
...
006 (4153674.004.000) 03/10 17:56:14 Image size of job updated: 284612
	202  -  MemoryUsage of job (MB)
	206168  -  ResidentSetSize of job (KB)
...
006 (4153674.006.000) 03/10 17:56:40 Image size of job updated: 284388
	203  -  MemoryUsage of job (MB)
	207532  -  ResidentSetSize of job (KB)
...
006 (4153674.002.000) 03/10 17:56:40 Image size of job updated: 284952
	205  -  MemoryUsage of job (MB)
	209136  -  ResidentSetSize of job (KB)
...
006 (4153674.003.000) 03/10 18:01:11 Image size of job updated: 285016
	205  -  MemoryUsage of job (MB)
	209308  -  ResidentSetSize of job (KB)
...
006 (4153674.004.000) 03/10 18:01:14 Image size of job updated: 284612
	202  -  MemoryUsage of job (MB)
	206184  -  ResidentSetSize of job (KB)
...
006 (4153674.006.000) 03/10 18:01:40 Image size of job updated: 284388
	203  -  MemoryUsage of job (MB)
	207540  -  ResidentSetSize of job (KB)
...
006 (4153674.002.000) 03/10 18:01:42 Image size of job updated: 284952
	205  -  MemoryUsage of job (MB)
	209148  -  ResidentSetSize of job (KB)
...
006 (4153674.003.000) 03/10 18:06:12 Image size of job updated: 285016
	205  -  MemoryUsage of job (MB)
	209320  -  ResidentSetSize of job (KB)
...
006 (4153674.004.000) 03/10 18:06:14 Image size of job updated: 284612
	202  -  MemoryUsage of job (MB)
	206336  -  ResidentSetSize of job (KB)
...
006 (4153674.006.000) 03/10 18:06:41 Image size of job updated: 284388
	203  -  MemoryUsage of job (MB)
	207544  -  ResidentSetSize of job (KB)
...
006 (4153674.003.000) 03/10 18:11:12 Image size of job updated: 285016
	205  -  MemoryUsage of job (MB)
	209440  -  ResidentSetSize of job (KB)
...
006 (4153674.004.000) 03/10 18:11:15 Image size of job updated: 284612
	202  -  MemoryUsage of job (MB)
	206436  -  ResidentSetSize of job (KB)
...
006 (4153674.002.000) 03/10 18:11:42 Image size of job updated: 284952
	205  -  MemoryUsage of job (MB)
	209592  -  ResidentSetSize of job (KB)
...
006 (4153674.003.000) 03/10 18:16:13 Image size of job updated: 285016
	205  -  MemoryUsage of job (MB)
	209548  -  ResidentSetSize of job (KB)
...
006 (4153674.004.000) 03/10 18:16:15 Image size of job updated: 284612
	202  -  MemoryUsage of job (MB)
	206456  -  ResidentSetSize of job (KB)
...
006 (4153674.006.000) 03/10 18:16:41 Image size of job updated: 284388
	203  -  MemoryUsage of job (MB)
	207628  -  ResidentSetSize of job (KB)
...
006 (4153674.003.000) 03/10 18:21:14 Image size of job updated: 285016
	205  -  MemoryUsage of job (MB)
	209568  -  ResidentSetSize of job (KB)
...
006 (4153674.004.000) 03/10 18:21:16 Image size of job updated: 284612
	202  -  MemoryUsage of job (MB)
	206816  -  ResidentSetSize of job (KB)
...
006 (4153674.006.000) 03/10 18:21:42 Image size of job updated: 284388
	203  -  MemoryUsage of job (MB)
	207660  -  ResidentSetSize of job (KB)
...
006 (4153674.003.000) 03/10 18:26:14 Image size of job updated: 285016
	205  -  MemoryUsage of job (MB)
	209572  -  ResidentSetSize of job (KB)
...
006 (4153674.004.000) 03/10 18:26:17 Image size of job updated: 284612
	202  -  MemoryUsage of job (MB)
	206832  -  ResidentSetSize of job (KB)
...
006 (4153674.002.000) 03/10 18:26:43 Image size of job updated: 284952
	205  -  MemoryUsage of job (MB)
	209604  -  ResidentSetSize of job (KB)
...
006 (4153674.003.000) 03/10 18:31:16 Image size of job updated: 285016
	205  -  MemoryUsage of job (MB)
	209580  -  ResidentSetSize of job (KB)
...
006 (4153674.004.000) 03/10 18:31:17 Image size of job updated: 284612
	203  -  MemoryUsage of job (MB)
	207060  -  ResidentSetSize of job (KB)
...
006 (4153674.002.000) 03/10 18:31:43 Image size of job updated: 284952
	205  -  MemoryUsage of job (MB)
	209792  -  ResidentSetSize of job (KB)
...
006 (4153674.003.000) 03/10 18:36:16 Image size of job updated: 285016
	205  -  MemoryUsage of job (MB)
	209588  -  ResidentSetSize of job (KB)
...
006 (4153674.006.000) 03/10 18:36:43 Image size of job updated: 284388
	204  -  MemoryUsage of job (MB)
	207928  -  ResidentSetSize of job (KB)
...
006 (4153674.002.000) 03/10 18:36:44 Image size of job updated: 284952
	205  -  MemoryUsage of job (MB)
	209884  -  ResidentSetSize of job (KB)
...
006 (4153674.003.000) 03/10 18:41:16 Image size of job updated: 285016
	205  -  MemoryUsage of job (MB)
	209848  -  ResidentSetSize of job (KB)
...
006 (4153674.004.000) 03/10 18:41:18 Image size of job updated: 284612
	203  -  MemoryUsage of job (MB)
	207068  -  ResidentSetSize of job (KB)
...
006 (4153674.006.000) 03/10 18:41:43 Image size of job updated: 284388
	204  -  MemoryUsage of job (MB)
	208092  -  ResidentSetSize of job (KB)
...
006 (4153674.002.000) 03/10 18:41:44 Image size of job updated: 284952
	205  -  MemoryUsage of job (MB)
	209908  -  ResidentSetSize of job (KB)
...
006 (4153674.003.000) 03/10 18:46:17 Image size of job updated: 285016
	205  -  MemoryUsage of job (MB)
	209856  -  ResidentSetSize of job (KB)
...
006 (4153674.004.000) 03/10 18:46:18 Image size of job updated: 284612
	203  -  MemoryUsage of job (MB)
	207076  -  ResidentSetSize of job (KB)
...
006 (4153674.004.000) 03/10 18:51:19 Image size of job updated: 284612
	203  -  MemoryUsage of job (MB)
	207084  -  ResidentSetSize of job (KB)
...
006 (4153674.004.000) 03/10 18:56:19 Image size of job updated: 284612
	203  -  MemoryUsage of job (MB)
	207092  -  ResidentSetSize of job (KB)
...
006 (4153674.006.000) 03/10 18:56:44 Image size of job updated: 284388
	204  -  MemoryUsage of job (MB)
	208176  -  ResidentSetSize of job (KB)
...
006 (4153674.002.000) 03/10 18:56:46 Image size of job updated: 284952
	205  -  MemoryUsage of job (MB)
	209916  -  ResidentSetSize of job (KB)
...
006 (4153674.004.000) 03/10 19:01:20 Image size of job updated: 284612
	203  -  MemoryUsage of job (MB)
	207096  -  ResidentSetSize of job (KB)
...
006 (4153674.002.000) 03/10 19:01:46 Image size of job updated: 284952
	206  -  MemoryUsage of job (MB)
	210224  -  ResidentSetSize of job (KB)
...
006 (4153674.003.000) 03/10 19:06:19 Image size of job updated: 285016
	206  -  MemoryUsage of job (MB)
	210232  -  ResidentSetSize of job (KB)
...
006 (4153674.004.000) 03/10 19:06:21 Image size of job updated: 284612
	203  -  MemoryUsage of job (MB)
	207112  -  ResidentSetSize of job (KB)
...
006 (4153674.002.000) 03/10 19:06:47 Image size of job updated: 284952
	206  -  MemoryUsage of job (MB)
	210248  -  ResidentSetSize of job (KB)
...
006 (4153674.006.000) 03/10 19:11:45 Image size of job updated: 284388
	204  -  MemoryUsage of job (MB)
	208288  -  ResidentSetSize of job (KB)
...
006 (4153674.002.000) 03/10 19:11:48 Image size of job updated: 284952
	206  -  MemoryUsage of job (MB)
	210268  -  ResidentSetSize of job (KB)
...
006 (4153674.006.000) 03/10 19:16:45 Image size of job updated: 284388
	204  -  MemoryUsage of job (MB)
	208484  -  ResidentSetSize of job (KB)
...
006 (4153674.002.000) 03/10 19:16:48 Image size of job updated: 284952
	206  -  MemoryUsage of job (MB)
	210292  -  ResidentSetSize of job (KB)
...
006 (4153674.003.000) 03/10 19:21:21 Image size of job updated: 285016
	206  -  MemoryUsage of job (MB)
	210396  -  ResidentSetSize of job (KB)
...
006 (4153674.004.000) 03/10 19:21:23 Image size of job updated: 284612
	203  -  MemoryUsage of job (MB)
	207236  -  ResidentSetSize of job (KB)
...
006 (4153674.006.000) 03/10 19:21:46 Image size of job updated: 284388
	204  -  MemoryUsage of job (MB)
	208508  -  ResidentSetSize of job (KB)
...
006 (4153674.002.000) 03/10 19:21:48 Image size of job updated: 284952
	206  -  MemoryUsage of job (MB)
	210448  -  ResidentSetSize of job (KB)
...
006 (4153674.004.000) 03/10 19:26:23 Image size of job updated: 284612
	203  -  MemoryUsage of job (MB)
	207316  -  ResidentSetSize of job (KB)
...
006 (4153674.006.000) 03/10 19:26:46 Image size of job updated: 284388
	204  -  MemoryUsage of job (MB)
	208544  -  ResidentSetSize of job (KB)
...
006 (4153674.002.000) 03/10 19:26:49 Image size of job updated: 284952
	206  -  MemoryUsage of job (MB)
	210460  -  ResidentSetSize of job (KB)
...
006 (4153674.006.000) 03/10 19:31:46 Image size of job updated: 284388
	204  -  MemoryUsage of job (MB)
	208564  -  ResidentSetSize of job (KB)
...
006 (4153674.002.000) 03/10 19:31:50 Image size of job updated: 284952
	206  -  MemoryUsage of job (MB)
	210468  -  ResidentSetSize of job (KB)
...
006 (4153674.006.000) 03/10 19:36:47 Image size of job updated: 284388
	204  -  MemoryUsage of job (MB)
	208576  -  ResidentSetSize of job (KB)
...
006 (4153674.002.000) 03/10 19:36:50 Image size of job updated: 284952
	206  -  MemoryUsage of job (MB)
	210520  -  ResidentSetSize of job (KB)
...
006 (4153674.006.000) 03/10 19:41:47 Image size of job updated: 284388
	204  -  MemoryUsage of job (MB)
	208596  -  ResidentSetSize of job (KB)
...
006 (4153674.002.000) 03/10 19:41:51 Image size of job updated: 284952
	206  -  MemoryUsage of job (MB)
	210540  -  ResidentSetSize of job (KB)
...
006 (4153674.003.000) 03/10 19:46:25 Image size of job updated: 285016
	206  -  MemoryUsage of job (MB)
	210492  -  ResidentSetSize of job (KB)
...
006 (4153674.004.000) 03/10 19:46:26 Image size of job updated: 284612
	203  -  MemoryUsage of job (MB)
	207476  -  ResidentSetSize of job (KB)
...
006 (4153674.006.000) 03/10 19:46:47 Image size of job updated: 284388
	204  -  MemoryUsage of job (MB)
	208784  -  ResidentSetSize of job (KB)
...
006 (4153674.002.000) 03/10 19:46:52 Image size of job updated: 284952
	206  -  MemoryUsage of job (MB)
	210552  -  ResidentSetSize of job (KB)
...
006 (4153674.004.000) 03/10 19:51:26 Image size of job updated: 284612
	203  -  MemoryUsage of job (MB)
	207660  -  ResidentSetSize of job (KB)
...
006 (4153674.006.000) 03/10 19:51:48 Image size of job updated: 284388
	204  -  MemoryUsage of job (MB)
	208792  -  ResidentSetSize of job (KB)
...
006 (4153674.002.000) 03/10 19:51:52 Image size of job updated: 284952
	206  -  MemoryUsage of job (MB)
	210828  -  ResidentSetSize of job (KB)
...
006 (4153674.006.000) 03/10 19:56:48 Image size of job updated: 284388
	204  -  MemoryUsage of job (MB)
	208800  -  ResidentSetSize of job (KB)
...
006 (4153674.002.000) 03/10 19:56:52 Image size of job updated: 284952
	217  -  MemoryUsage of job (MB)
	221852  -  ResidentSetSize of job (KB)
...
006 (4153674.003.000) 03/10 20:01:26 Image size of job updated: 285016
	206  -  MemoryUsage of job (MB)
	210572  -  ResidentSetSize of job (KB)
...
006 (4153674.006.000) 03/10 20:01:49 Image size of job updated: 284388
	204  -  MemoryUsage of job (MB)
	208812  -  ResidentSetSize of job (KB)
...
006 (4153674.002.000) 03/10 20:01:53 Image size of job updated: 284952
	217  -  MemoryUsage of job (MB)
	221860  -  ResidentSetSize of job (KB)
...
006 (4153674.003.000) 03/10 20:06:26 Image size of job updated: 285016
	206  -  MemoryUsage of job (MB)
	210584  -  ResidentSetSize of job (KB)
...
006 (4153674.004.000) 03/10 20:06:28 Image size of job updated: 284612
	203  -  MemoryUsage of job (MB)
	207752  -  ResidentSetSize of job (KB)
...
006 (4153674.006.000) 03/10 20:06:50 Image size of job updated: 284388
	204  -  MemoryUsage of job (MB)
	208816  -  ResidentSetSize of job (KB)
...
006 (4153674.002.000) 03/10 20:06:54 Image size of job updated: 284952
	217  -  MemoryUsage of job (MB)
	221876  -  ResidentSetSize of job (KB)
...
006 (4153674.003.000) 03/10 20:11:27 Image size of job updated: 285016
	206  -  MemoryUsage of job (MB)
	210616  -  ResidentSetSize of job (KB)
...
006 (4153674.006.000) 03/10 20:11:50 Image size of job updated: 284388
	205  -  MemoryUsage of job (MB)
	208956  -  ResidentSetSize of job (KB)
...
006 (4153674.002.000) 03/10 20:11:54 Image size of job updated: 284952
	217  -  MemoryUsage of job (MB)
	221884  -  ResidentSetSize of job (KB)
...
040 (4153674.002.000) 03/10 20:15:17 Started transferring output files
...
040 (4153674.002.000) 03/10 20:15:19 Finished transferring output files
...
005 (4153674.002.000) 03/10 20:15:19 Job terminated.
	(1) Normal termination (return value 0)
		Usr 0 05:29:13, Sys 0 00:00:03  -  Run Remote Usage
		Usr 0 00:00:00, Sys 0 00:00:00  -  Run Local Usage
		Usr 0 05:29:13, Sys 0 00:00:03  -  Total Remote Usage
		Usr 0 00:00:00, Sys 0 00:00:00  -  Total Local Usage
	757876  -  Run Bytes Sent By Job
	13318  -  Run Bytes Received By Job
	757876  -  Total Bytes Sent By Job
	13318  -  Total Bytes Received By Job
	Partitionable Resources :    Usage  Request Allocated 
	   Cpus                 :                 1           
	   Disk (KB)            :     1248       15   3180900 
	   Memory (MB)          :      217     2000      2000 
...
006 (4153674.003.000) 03/10 20:16:27 Image size of job updated: 285016
	207  -  MemoryUsage of job (MB)
	211060  -  ResidentSetSize of job (KB)
...
006 (4153674.006.000) 03/10 20:16:51 Image size of job updated: 284388
	205  -  MemoryUsage of job (MB)
	209236  -  ResidentSetSize of job (KB)
...
040 (4153674.000.000) 03/10 20:19:30 Started transferring output files
...
040 (4153674.000.000) 03/10 20:19:30 Finished transferring output files
...
005 (4153674.000.000) 03/10 20:19:31 Job terminated.
	(1) Normal termination (return value 0)
		Usr 0 05:33:28, Sys 0 00:00:04  -  Run Remote Usage
		Usr 0 00:00:00, Sys 0 00:00:00  -  Run Local Usage
		Usr 0 05:33:28, Sys 0 00:00:04  -  Total Remote Usage
		Usr 0 00:00:00, Sys 0 00:00:00  -  Total Local Usage
	757876  -  Run Bytes Sent By Job
	13310  -  Run Bytes Received By Job
	757876  -  Total Bytes Sent By Job
	13310  -  Total Bytes Received By Job
	Partitionable Resources :    Usage  Request Allocated 
	   Cpus                 :                 1           
	   Disk (KB)            :     1248       15   2189622 
	   Memory (MB)          :      221     2000      2000 
...
006 (4153674.003.000) 03/10 20:21:27 Image size of job updated: 285016
	207  -  MemoryUsage of job (MB)
	211072  -  ResidentSetSize of job (KB)
...
006 (4153674.004.000) 03/10 20:21:29 Image size of job updated: 284612
	204  -  MemoryUsage of job (MB)
	207948  -  ResidentSetSize of job (KB)
...
006 (4153674.003.000) 03/10 20:26:28 Image size of job updated: 285016
	207  -  MemoryUsage of job (MB)
	211080  -  ResidentSetSize of job (KB)
...
006 (4153674.004.000) 03/10 20:26:29 Image size of job updated: 284612
	204  -  MemoryUsage of job (MB)
	207964  -  ResidentSetSize of job (KB)
...
006 (4153674.006.000) 03/10 20:26:52 Image size of job updated: 284388
	205  -  MemoryUsage of job (MB)
	209248  -  ResidentSetSize of job (KB)
...
006 (4153674.003.000) 03/10 20:31:28 Image size of job updated: 285016
	207  -  MemoryUsage of job (MB)
	211104  -  ResidentSetSize of job (KB)
...
006 (4153674.004.000) 03/10 20:31:30 Image size of job updated: 284612
	204  -  MemoryUsage of job (MB)
	208112  -  ResidentSetSize of job (KB)
...
006 (4153674.006.000) 03/10 20:31:53 Image size of job updated: 284388
	205  -  MemoryUsage of job (MB)
	209252  -  ResidentSetSize of job (KB)
...
006 (4153674.003.000) 03/10 20:36:28 Image size of job updated: 285016
	207  -  MemoryUsage of job (MB)
	211148  -  ResidentSetSize of job (KB)
...
006 (4153674.004.000) 03/10 20:36:30 Image size of job updated: 284612
	204  -  MemoryUsage of job (MB)
	208124  -  ResidentSetSize of job (KB)
...
006 (4153674.006.000) 03/10 20:36:54 Image size of job updated: 284388
	205  -  MemoryUsage of job (MB)
	209352  -  ResidentSetSize of job (KB)
...
006 (4153674.003.000) 03/10 20:41:29 Image size of job updated: 285016
	207  -  MemoryUsage of job (MB)
	211444  -  ResidentSetSize of job (KB)
...
006 (4153674.004.000) 03/10 20:41:30 Image size of job updated: 284612
	204  -  MemoryUsage of job (MB)
	208136  -  ResidentSetSize of job (KB)
...
006 (4153674.006.000) 03/10 20:41:54 Image size of job updated: 284388
	216  -  MemoryUsage of job (MB)
	220168  -  ResidentSetSize of job (KB)
...
006 (4153674.004.000) 03/10 20:46:31 Image size of job updated: 284612
	204  -  MemoryUsage of job (MB)
	208144  -  ResidentSetSize of job (KB)
...
006 (4153674.006.000) 03/10 20:46:55 Image size of job updated: 284388
	216  -  MemoryUsage of job (MB)
	220180  -  ResidentSetSize of job (KB)
...
006 (4153674.003.000) 03/10 20:51:30 Image size of job updated: 285016
	207  -  MemoryUsage of job (MB)
	211456  -  ResidentSetSize of job (KB)
...
006 (4153674.004.000) 03/10 20:51:31 Image size of job updated: 284612
	204  -  MemoryUsage of job (MB)
	208164  -  ResidentSetSize of job (KB)
...
006 (4153674.003.000) 03/10 20:56:31 Image size of job updated: 285016
	207  -  MemoryUsage of job (MB)
	211468  -  ResidentSetSize of job (KB)
...
006 (4153674.004.000) 03/10 20:56:32 Image size of job updated: 284612
	204  -  MemoryUsage of job (MB)
	208204  -  ResidentSetSize of job (KB)
...
006 (4153674.006.000) 03/10 20:56:56 Image size of job updated: 284388
	216  -  MemoryUsage of job (MB)
	220188  -  ResidentSetSize of job (KB)
...
040 (4153674.006.000) 03/10 20:59:37 Started transferring output files
...
040 (4153674.006.000) 03/10 20:59:38 Finished transferring output files
...
005 (4153674.006.000) 03/10 20:59:38 Job terminated.
	(1) Normal termination (return value 0)
		Usr 0 06:12:01, Sys 0 00:00:11  -  Run Remote Usage
		Usr 0 00:00:00, Sys 0 00:00:00  -  Run Local Usage
		Usr 0 06:12:01, Sys 0 00:00:11  -  Total Remote Usage
		Usr 0 00:00:00, Sys 0 00:00:00  -  Total Local Usage
	769424  -  Run Bytes Sent By Job
	13320  -  Run Bytes Received By Job
	769424  -  Total Bytes Sent By Job
	13320  -  Total Bytes Received By Job
	Partitionable Resources :    Usage  Request Allocated 
	   Cpus                 :                 1           
	   Disk (KB)            :     1259       15   2422764 
	   Memory (MB)          :      216     2000      2000 
...
006 (4153674.003.000) 03/10 21:01:31 Image size of job updated: 285016
	207  -  MemoryUsage of job (MB)
	211472  -  ResidentSetSize of job (KB)
...
006 (4153674.004.000) 03/10 21:01:33 Image size of job updated: 284612
	204  -  MemoryUsage of job (MB)
	208216  -  ResidentSetSize of job (KB)
...
006 (4153674.003.000) 03/10 21:06:33 Image size of job updated: 285016
	207  -  MemoryUsage of job (MB)
	211480  -  ResidentSetSize of job (KB)
...
006 (4153674.004.000) 03/10 21:06:33 Image size of job updated: 284612
	204  -  MemoryUsage of job (MB)
	208220  -  ResidentSetSize of job (KB)
...
006 (4153674.003.000) 03/10 21:11:33 Image size of job updated: 285016
	207  -  MemoryUsage of job (MB)
	211492  -  ResidentSetSize of job (KB)
...
006 (4153674.004.000) 03/10 21:16:35 Image size of job updated: 284612
	204  -  MemoryUsage of job (MB)
	208412  -  ResidentSetSize of job (KB)
...
006 (4153674.003.000) 03/10 21:21:34 Image size of job updated: 285016
	207  -  MemoryUsage of job (MB)
	211828  -  ResidentSetSize of job (KB)
...
006 (4153674.004.000) 03/10 21:21:35 Image size of job updated: 284612
	204  -  MemoryUsage of job (MB)
	208652  -  ResidentSetSize of job (KB)
...
006 (4153674.003.000) 03/10 21:26:34 Image size of job updated: 285016
	220  -  MemoryUsage of job (MB)
	225280  -  ResidentSetSize of job (KB)
...
006 (4153674.004.000) 03/10 21:26:36 Image size of job updated: 284612
	204  -  MemoryUsage of job (MB)
	208660  -  ResidentSetSize of job (KB)
...
006 (4153674.003.000) 03/10 21:31:34 Image size of job updated: 285016
	221  -  MemoryUsage of job (MB)
	225292  -  ResidentSetSize of job (KB)
...
006 (4153674.004.000) 03/10 21:31:37 Image size of job updated: 284612
	204  -  MemoryUsage of job (MB)
	208668  -  ResidentSetSize of job (KB)
...
006 (4153674.003.000) 03/10 21:36:35 Image size of job updated: 285016
	221  -  MemoryUsage of job (MB)
	225300  -  ResidentSetSize of job (KB)
...
006 (4153674.004.000) 03/10 21:36:37 Image size of job updated: 284612
	204  -  MemoryUsage of job (MB)
	208676  -  ResidentSetSize of job (KB)
...
006 (4153674.003.000) 03/10 21:41:35 Image size of job updated: 285016
	221  -  MemoryUsage of job (MB)
	225308  -  ResidentSetSize of job (KB)
...
040 (4153674.003.000) 03/10 21:45:22 Started transferring output files
...
040 (4153674.003.000) 03/10 21:45:23 Finished transferring output files
...
005 (4153674.003.000) 03/10 21:45:23 Job terminated.
	(1) Normal termination (return value 0)
		Usr 0 06:33:57, Sys 0 00:00:27  -  Run Remote Usage
		Usr 0 00:00:00, Sys 0 00:00:00  -  Run Local Usage
		Usr 0 06:33:57, Sys 0 00:00:27  -  Total Remote Usage
		Usr 0 00:00:00, Sys 0 00:00:00  -  Total Local Usage
	767866  -  Run Bytes Sent By Job
	13320  -  Run Bytes Received By Job
	767866  -  Total Bytes Sent By Job
	13320  -  Total Bytes Received By Job
	Partitionable Resources :    Usage  Request Allocated 
	   Cpus                 :                 1           
	   Disk (KB)            :     1258       15   2960644 
	   Memory (MB)          :      221     2000      2000 
...
006 (4153674.004.000) 03/10 21:46:38 Image size of job updated: 284612
	204  -  MemoryUsage of job (MB)
	208680  -  ResidentSetSize of job (KB)
...
006 (4153674.004.000) 03/10 21:51:38 Image size of job updated: 284612
	219  -  MemoryUsage of job (MB)
	223368  -  ResidentSetSize of job (KB)
...
006 (4153674.004.000) 03/10 21:56:39 Image size of job updated: 284612
	219  -  MemoryUsage of job (MB)
	223376  -  ResidentSetSize of job (KB)
...
006 (4153674.004.000) 03/10 22:01:39 Image size of job updated: 284612
	219  -  MemoryUsage of job (MB)
	223380  -  ResidentSetSize of job (KB)
...
006 (4153674.004.000) 03/10 22:06:39 Image size of job updated: 284612
	219  -  MemoryUsage of job (MB)
	223392  -  ResidentSetSize of job (KB)
...
040 (4153674.001.000) 03/10 22:10:38 Started transferring output files
...
040 (4153674.001.000) 03/10 22:10:38 Finished transferring output files
...
005 (4153674.001.000) 03/10 22:10:39 Job terminated.
	(1) Normal termination (return value 0)
		Usr 0 06:48:53, Sys 0 00:00:16  -  Run Remote Usage
		Usr 0 00:00:00, Sys 0 00:00:00  -  Run Local Usage
		Usr 0 06:48:53, Sys 0 00:00:16  -  Total Remote Usage
		Usr 0 00:00:00, Sys 0 00:00:00  -  Total Local Usage
	771452  -  Run Bytes Sent By Job
	13318  -  Run Bytes Received By Job
	771452  -  Total Bytes Sent By Job
	13318  -  Total Bytes Received By Job
	Partitionable Resources :    Usage  Request Allocated 
	   Cpus                 :                 1           
	   Disk (KB)            :     1261       15   2381040 
	   Memory (MB)          :      221     2000      2000 
...
006 (4153674.004.000) 03/10 22:11:40 Image size of job updated: 284612
	219  -  MemoryUsage of job (MB)
	223396  -  ResidentSetSize of job (KB)
...
006 (4153674.004.000) 03/10 22:16:40 Image size of job updated: 284612
	219  -  MemoryUsage of job (MB)
	223400  -  ResidentSetSize of job (KB)
...
040 (4153674.004.000) 03/10 22:20:25 Started transferring output files
...
040 (4153674.004.000) 03/10 22:20:25 Finished transferring output files
...
005 (4153674.004.000) 03/10 22:20:26 Job terminated.
	(1) Normal termination (return value 0)
		Usr 0 06:43:25, Sys 0 00:00:14  -  Run Remote Usage
		Usr 0 00:00:00, Sys 0 00:00:00  -  Run Local Usage
		Usr 0 06:43:25, Sys 0 00:00:14  -  Total Remote Usage
		Usr 0 00:00:00, Sys 0 00:00:00  -  Total Local Usage
	760392  -  Run Bytes Sent By Job
	13320  -  Run Bytes Received By Job
	760392  -  Total Bytes Sent By Job
	13320  -  Total Bytes Received By Job
	Partitionable Resources :    Usage  Request Allocated 
	   Cpus                 :                 1           
	   Disk (KB)            :     1251       15   2930291 
	   Memory (MB)          :      219     2000      2000 
...
